<?xml version="1.0" encoding="UTF-8"?>
<!-- Generated by org.testng.reporters.JUnitReportReporter -->
<testsuite hostname="DESKTOP-24QMINE" failures="0" tests="1" name="pom.MainOperations" time="20.215" errors="0" timestamp="2025-03-18T16:48:30 IST" skipped="0">
  <testcase classname="pom.MainOperations" name="RegisterRunning" time="20.215"/>
  <system-out/>
</testsuite> <!-- pom.MainOperations -->
