<?xml version="1.0" encoding="UTF-8"?>
<!-- Generated by org.testng.reporters.JUnitReportReporter -->
<testsuite hostname="DESKTOP-24QMINE" failures="0" tests="1" name="cucumber_Signin_work.Signin_Runner" time="2.163" errors="0" timestamp="2025-03-22T09:19:26 IST" skipped="0">
  <testcase classname="cucumber_Signin_work.Signin_Runner" name="runScenario" time="2.163"/>
  <system-out/>
</testsuite> <!-- cucumber_Signin_work.Signin_Runner -->
