<?xml version="1.0" encoding="UTF-8"?>
<!-- Generated by org.testng.reporters.JUnitReportReporter -->
<testsuite hostname="DESKTOP-24QMINE" failures="0" tests="1" name="operations.MainOperation_Signin" time="12.323" errors="0" timestamp="2025-03-18T21:23:47 IST" skipped="0">
  <testcase classname="operations.MainOperation_Signin" name="signin" time="12.323"/>
  <system-out/>
</testsuite> <!-- operations.MainOperation_Signin -->
