<?xml version="1.0" encoding="UTF-8"?>
<!-- Generated by org.testng.reporters.JUnitReportReporter -->
<testsuite hostname="DESKTOP-24QMINE" failures="0" tests="1" name="operations_PF.Operation_Signin_PF" time="7.724" errors="0" timestamp="2025-03-20T13:26:24 IST" skipped="0">
  <testcase classname="operations_PF.Operation_Signin_PF" name="signin" time="7.724"/>
  <system-out/>
</testsuite> <!-- operations_PF.Operation_Signin_PF -->
