<?xml version="1.0" encoding="UTF-8"?>
<!-- Generated by org.testng.reporters.JUnitReportReporter -->
<testsuite hostname="DESKTOP-24QMINE" failures="0" tests="1" name="operations_PF.Operation_Register_PF" time="24.177" errors="0" timestamp="2025-03-19T17:10:29 IST" skipped="0">
  <testcase classname="operations_PF.Operation_Register_PF" name="RegisterRunning" time="24.177"/>
  <system-out/>
</testsuite> <!-- operations_PF.Operation_Register_PF -->
