<?xml version="1.0" encoding="UTF-8"?>
<!-- Generated by org.testng.reporters.JUnitReportReporter -->
<testsuite hostname="DESKTOP-24QMINE" failures="0" tests="1" name="cucumer.Signin_Runner" time="2.086" errors="0" timestamp="2025-03-20T13:50:11 IST" skipped="0">
  <testcase classname="cucumer.Signin_Runner" name="runScenario" time="2.086"/>
  <system-out/>
</testsuite> <!-- cucumer.Signin_Runner -->
