<?xml version="1.0" encoding="UTF-8"?>
<!-- Generated by org.testng.reporters.JUnitReportReporter -->
<testsuite hostname="DESKTOP-24QMINE" failures="0" tests="2" name="cucumber_Signin_work.Signin_Runner" time="14.593" errors="0" timestamp="2025-03-25T11:26:26 IST" skipped="0">
  <testcase classname="cucumber_Signin_work.Signin_Runner" name="runScenario" time="11.632"/>
  <system-out/>
  <testcase classname="cucumber_Signin_work.Signin_Runner" name="runScenario" time="2.961"/>
  <system-out/>
</testsuite> <!-- cucumber_Signin_work.Signin_Runner -->
