<?xml version="1.0" encoding="UTF-8"?>
<!-- Generated by org.testng.reporters.JUnitReportReporter -->
<testsuite hostname="DESKTOP-24QMINE" failures="0" tests="1" name="operations_PF.Operation_Payment_PF" time="3.085" errors="0" timestamp="2025-03-25T09:49:53 IST" skipped="0">
  <testcase classname="operations_PF.Operation_Payment_PF" name="ordering" time="3.085"/>
  <system-out/>
</testsuite> <!-- operations_PF.Operation_Payment_PF -->
