<?xml version="1.0" encoding="UTF-8"?>
<!-- Generated by org.testng.reporters.JUnitReportReporter -->
<testsuite hostname="DESKTOP-24QMINE" failures="0" tests="1" name="operations.MainOperation_Register" time="18.155" errors="0" timestamp="2025-03-18T21:23:47 IST" skipped="0">
  <testcase classname="operations.MainOperation_Register" name="RegisterRunning" time="18.155"/>
  <system-out/>
</testsuite> <!-- operations.MainOperation_Register -->
