<?xml version="1.0" encoding="UTF-8"?>
<!-- Generated by org.testng.reporters.JUnitReportReporter -->
<testsuite hostname="DESKTOP-24QMINE" failures="0" tests="1" name="cucumber.Signin_Runner" time="4.575" errors="0" timestamp="2025-03-20T18:10:08 IST" skipped="0">
  <testcase classname="cucumber.Signin_Runner" name="runScenario" time="4.575"/>
  <system-out/>
</testsuite> <!-- cucumber.Signin_Runner -->
