<?xml version="1.0" encoding="UTF-8"?>
<!-- Generated by org.testng.reporters.JUnitReportReporter -->
<testsuite hostname="DESKTOP-24QMINE" failures="0" tests="1" name="operations_PF.Operation_AddToCart_PF" time="10.363" errors="0" timestamp="2025-03-22T09:19:26 IST" skipped="0">
  <testcase classname="operations_PF.Operation_AddToCart_PF" name="adding" time="10.363"/>
  <system-out/>
</testsuite> <!-- operations_PF.Operation_AddToCart_PF -->
