<?xml version="1.0" encoding="UTF-8"?>
<!-- Generated by org.testng.reporters.JUnitReportReporter -->
<testsuite hostname="DESKTOP-24QMINE" failures="0" tests="1" name="operations_PF.Operation_Shipping_PF" time="4.111" errors="0" timestamp="2025-04-06T19:09:03 IST" skipped="0">
  <testcase classname="operations_PF.Operation_Shipping_PF" name="ship_Details" time="4.111"/>
  <system-out/>
</testsuite> <!-- operations_PF.Operation_Shipping_PF -->
