<?xml version="1.0" encoding="UTF-8"?>
<!-- Generated by org.testng.reporters.JUnitReportReporter -->
<testsuite hostname="DESKTOP-24QMINE" failures="0" tests="1" name="operations_PF.Operation_UpdateCart_PF" time="3.111" errors="0" timestamp="2025-03-26T11:25:58 IST" skipped="0">
  <testcase classname="operations_PF.Operation_UpdateCart_PF" name="Update_Quantity" time="3.111"/>
  <system-out/>
</testsuite> <!-- operations_PF.Operation_UpdateCart_PF -->
