<?xml version="1.0" encoding="UTF-8"?>
<!-- Generated by org.testng.reporters.JUnitReportReporter -->
<testsuite hostname="DESKTOP-24QMINE" failures="0" tests="1" name="operations_pom.Operation_AddToCart_POM" time="14.946" errors="0" timestamp="2025-03-19T10:15:08 IST" skipped="0">
  <testcase classname="operations_pom.Operation_AddToCart_POM" name="adding" time="14.946"/>
  <system-out/>
</testsuite> <!-- operations_pom.Operation_AddToCart_POM -->
