<?xml version="1.0" encoding="UTF-8"?>
<!-- Generated by org.testng.reporters.JUnitReportReporter -->
<testsuite hostname="DESKTOP-24QMINE" failures="0" tests="1" name="operations_pom.Operation_Register_POM" time="9.339" errors="0" timestamp="2025-04-06T19:09:03 IST" skipped="0">
  <testcase classname="operations_pom.Operation_Register_POM" name="RegisterRunning" time="9.339"/>
  <system-out/>
</testsuite> <!-- operations_pom.Operation_Register_POM -->
